июн. 16, 2023 5:21:01 PM task2 bubbleSort
INFO: Начальное значение [22, 82, 95, 30, 65, 52, 40, 60, 9, 58, 25, 17, 37, 32, 14, 87, 42, 70, 53, 14]
июн. 16, 2023 5:21:01 PM task2 bubbleSort
INFO: [22, 82, 30, 65, 52, 40, 60, 9, 58, 25, 17, 37, 32, 14, 87, 42, 70, 53, 14, 95]
июн. 16, 2023 5:21:01 PM task2 bubbleSort
INFO: [22, 30, 65, 52, 40, 60, 9, 58, 25, 17, 37, 32, 14, 82, 42, 70, 53, 14, 87, 95]
июн. 16, 2023 5:21:01 PM task2 bubbleSort
INFO: [22, 30, 52, 40, 60, 9, 58, 25, 17, 37, 32, 14, 65, 42, 70, 53, 14, 82, 87, 95]
июн. 16, 2023 5:21:01 PM task2 bubbleSort
INFO: [22, 30, 40, 52, 9, 58, 25, 17, 37, 32, 14, 60, 42, 65, 53, 14, 70, 82, 87, 95]
июн. 16, 2023 5:21:01 PM task2 bubbleSort
INFO: [22, 30, 40, 9, 52, 25, 17, 37, 32, 14, 58, 42, 60, 53, 14, 65, 70, 82, 87, 95]
июн. 16, 2023 5:21:01 PM task2 bubbleSort
INFO: [22, 30, 9, 40, 25, 17, 37, 32, 14, 52, 42, 58, 53, 14, 60, 65, 70, 82, 87, 95]
июн. 16, 2023 5:21:01 PM task2 bubbleSort
INFO: [22, 9, 30, 25, 17, 37, 32, 14, 40, 42, 52, 53, 14, 58, 60, 65, 70, 82, 87, 95]
июн. 16, 2023 5:21:01 PM task2 bubbleSort
INFO: [9, 22, 25, 17, 30, 32, 14, 37, 40, 42, 52, 14, 53, 58, 60, 65, 70, 82, 87, 95]
июн. 16, 2023 5:21:01 PM task2 bubbleSort
INFO: [9, 22, 17, 25, 30, 14, 32, 37, 40, 42, 14, 52, 53, 58, 60, 65, 70, 82, 87, 95]
июн. 16, 2023 5:21:01 PM task2 bubbleSort
INFO: [9, 17, 22, 25, 14, 30, 32, 37, 40, 14, 42, 52, 53, 58, 60, 65, 70, 82, 87, 95]
июн. 16, 2023 5:21:01 PM task2 bubbleSort
INFO: [9, 17, 22, 14, 25, 30, 32, 37, 14, 40, 42, 52, 53, 58, 60, 65, 70, 82, 87, 95]
июн. 16, 2023 5:21:01 PM task2 bubbleSort
INFO: [9, 17, 14, 22, 25, 30, 32, 14, 37, 40, 42, 52, 53, 58, 60, 65, 70, 82, 87, 95]
июн. 16, 2023 5:21:01 PM task2 bubbleSort
INFO: [9, 14, 17, 22, 25, 30, 14, 32, 37, 40, 42, 52, 53, 58, 60, 65, 70, 82, 87, 95]
июн. 16, 2023 5:21:01 PM task2 bubbleSort
INFO: [9, 14, 17, 22, 25, 14, 30, 32, 37, 40, 42, 52, 53, 58, 60, 65, 70, 82, 87, 95]
июн. 16, 2023 5:21:01 PM task2 bubbleSort
INFO: [9, 14, 17, 22, 14, 25, 30, 32, 37, 40, 42, 52, 53, 58, 60, 65, 70, 82, 87, 95]
июн. 16, 2023 5:21:01 PM task2 bubbleSort
INFO: [9, 14, 17, 14, 22, 25, 30, 32, 37, 40, 42, 52, 53, 58, 60, 65, 70, 82, 87, 95]
июн. 16, 2023 5:21:01 PM task2 bubbleSort
INFO: [9, 14, 14, 17, 22, 25, 30, 32, 37, 40, 42, 52, 53, 58, 60, 65, 70, 82, 87, 95]
июн. 16, 2023 5:21:01 PM task2 bubbleSort
INFO: [9, 14, 14, 17, 22, 25, 30, 32, 37, 40, 42, 52, 53, 58, 60, 65, 70, 82, 87, 95]
июн. 16, 2023 5:22:19 PM task2 bubbleSort
INFO: Начальное значение [40, 72, 3, 50, 10, 60, 6, 43, 37, 80, 9, 58, 27, 94, 34, 32, 27, 49, 77, 67]
июн. 16, 2023 5:22:19 PM task2 bubbleSort
INFO: [40, 3, 50, 10, 60, 6, 43, 37, 72, 9, 58, 27, 80, 34, 32, 27, 49, 77, 67, 94]
июн. 16, 2023 5:22:19 PM task2 bubbleSort
INFO: [3, 40, 10, 50, 6, 43, 37, 60, 9, 58, 27, 72, 34, 32, 27, 49, 77, 67, 80, 94]
июн. 16, 2023 5:22:19 PM task2 bubbleSort
INFO: [3, 10, 40, 6, 43, 37, 50, 9, 58, 27, 60, 34, 32, 27, 49, 72, 67, 77, 80, 94]
июн. 16, 2023 5:22:19 PM task2 bubbleSort
INFO: [3, 10, 6, 40, 37, 43, 9, 50, 27, 58, 34, 32, 27, 49, 60, 67, 72, 77, 80, 94]
июн. 16, 2023 5:22:19 PM task2 bubbleSort
INFO: [3, 6, 10, 37, 40, 9, 43, 27, 50, 34, 32, 27, 49, 58, 60, 67, 72, 77, 80, 94]
июн. 16, 2023 5:22:19 PM task2 bubbleSort
INFO: [3, 6, 10, 37, 9, 40, 27, 43, 34, 32, 27, 49, 50, 58, 60, 67, 72, 77, 80, 94]
июн. 16, 2023 5:22:19 PM task2 bubbleSort
INFO: [3, 6, 10, 9, 37, 27, 40, 34, 32, 27, 43, 49, 50, 58, 60, 67, 72, 77, 80, 94]
июн. 16, 2023 5:22:19 PM task2 bubbleSort
INFO: [3, 6, 9, 10, 27, 37, 34, 32, 27, 40, 43, 49, 50, 58, 60, 67, 72, 77, 80, 94]
июн. 16, 2023 5:22:19 PM task2 bubbleSort
INFO: [3, 6, 9, 10, 27, 34, 32, 27, 37, 40, 43, 49, 50, 58, 60, 67, 72, 77, 80, 94]
июн. 16, 2023 5:22:19 PM task2 bubbleSort
INFO: [3, 6, 9, 10, 27, 32, 27, 34, 37, 40, 43, 49, 50, 58, 60, 67, 72, 77, 80, 94]
июн. 16, 2023 5:22:19 PM task2 bubbleSort
INFO: [3, 6, 9, 10, 27, 27, 32, 34, 37, 40, 43, 49, 50, 58, 60, 67, 72, 77, 80, 94]
июн. 16, 2023 5:22:19 PM task2 bubbleSort
INFO: [3, 6, 9, 10, 27, 27, 32, 34, 37, 40, 43, 49, 50, 58, 60, 67, 72, 77, 80, 94]
июн. 18, 2023 9:51:08 AM task4 main
INFO: Значение 1 4
июн. 18, 2023 9:51:13 AM task4 main
INFO: Операция *
июн. 18, 2023 9:51:17 AM task4 main
INFO: Значение 2 3
июн. 18, 2023 9:51:17 AM task4 main
INFO: %d%s%d=12
